This is pdfTeX, Version 3.14159265-2.6-1.40.19 (MiKTeX 2.9.6800) (preloaded format=latex 2018.9.12)  4 FEB 2019 20:31
entering extended mode
**./Plantilla_UIS.tex
(Plantilla_UIS.tex
LaTeX2e <2018-04-01> patch level 5
("C:\Users\usuario\AppData\Local\Programs\MiKTeX 2.9\tex\latex\base\report.cls"
Document Class: report 2014/09/29 v1.4h Standard LaTeX document class
("C:\Users\usuario\AppData\Local\Programs\MiKTeX 2.9\tex\latex\base\size12.clo"
File: size12.clo 2014/09/29 v1.4h Standard LaTeX file (size option)
)
\c@part=\count80
\c@chapter=\count81
\c@section=\count82
\c@subsection=\count83
\c@subsubsection=\count84
\c@paragraph=\count85
\c@subparagraph=\count86
\c@figure=\count87
\c@table=\count88
\abovecaptionskip=\skip41
\belowcaptionskip=\skip42
\bibindent=\dimen102
) (uislatexstyleAPA.sty
("C:\Users\usuario\AppData\Local\Programs\MiKTeX 2.9\tex\latex\hyperref\hyperre
f.sty"
Package: hyperref 2018/02/06 v6.86b Hypertext links for LaTeX

("C:\Users\usuario\AppData\Local\Programs\MiKTeX 2.9\tex\generic\oberdiek\hobsu
b-hyperref.sty"
Package: hobsub-hyperref 2016/05/16 v1.14 Bundle oberdiek, subset hyperref (HO)


("C:\Users\usuario\AppData\Local\Programs\MiKTeX 2.9\tex\generic\oberdiek\hobsu
b-generic.sty"
Package: hobsub-generic 2016/05/16 v1.14 Bundle oberdiek, subset generic (HO)
Package: hobsub 2016/05/16 v1.14 Construct package bundles (HO)
Package: infwarerr 2016/05/16 v1.4 Providing info/warning/error messages (HO)
Package: ltxcmds 2016/05/16 v1.23 LaTeX kernel commands for general use (HO)
Package: ifluatex 2016/05/16 v1.4 Provides the ifluatex switch (HO)
Package ifluatex Info: LuaTeX not detected.
Package: ifvtex 2016/05/16 v1.6 Detect VTeX and its facilities (HO)
Package ifvtex Info: VTeX not detected.
Package: intcalc 2016/05/16 v1.2 Expandable calculations with integers (HO)
Package: ifpdf 2018/09/07 v3.3 Provides the ifpdf switch
Package: etexcmds 2016/05/16 v1.6 Avoid name clashes with e-TeX commands (HO)
Package etexcmds Info: Could not find \expanded.
(etexcmds)             That can mean that you are not using pdfTeX 1.50 or
(etexcmds)             that some package has redefined \expanded.
(etexcmds)             In the latter case, load this package earlier.
Package: kvsetkeys 2016/05/16 v1.17 Key value parser (HO)
Package: kvdefinekeys 2016/05/16 v1.4 Define keys (HO)
Package: pdftexcmds 2018/09/07 v0.28 Utility functions of pdfTeX for LuaTeX (HO
)
Package pdftexcmds Info: LuaTeX not detected.
Package pdftexcmds Info: \pdf@primitive is available.
Package pdftexcmds Info: \pdf@ifprimitive is available.
Package pdftexcmds Info: \pdfdraftmode is ignored in DVI mode.
Package: pdfescape 2016/05/16 v1.14 Implements pdfTeX's escape features (HO)
Package: bigintcalc 2016/05/16 v1.4 Expandable calculations on big integers (HO
)
Package: bitset 2016/05/16 v1.2 Handle bit-vector datatype (HO)
Package: uniquecounter 2016/05/16 v1.3 Provide unlimited unique counter (HO)
)
Package hobsub Info: Skipping package `hobsub' (already loaded).
Package: letltxmacro 2016/05/16 v1.5 Let assignment for LaTeX macros (HO)
Package: hopatch 2016/05/16 v1.3 Wrapper for package hooks (HO)
Package: xcolor-patch 2016/05/16 xcolor patch
Package: atveryend 2016/05/16 v1.9 Hooks at the very end of document (HO)
Package atveryend Info: \enddocument detected (standard20110627).
Package: atbegshi 2016/06/09 v1.18 At begin shipout hook (HO)
Package: refcount 2016/05/16 v3.5 Data extraction from label references (HO)
Package: hycolor 2016/05/16 v1.8 Color options for hyperref/bookmark (HO)
)
("C:\Users\usuario\AppData\Local\Programs\MiKTeX 2.9\tex\latex\graphics\keyval.
sty"
Package: keyval 2014/10/28 v1.15 key=value parser (DPC)
\KV@toks@=\toks14
)
("C:\Users\usuario\AppData\Local\Programs\MiKTeX 2.9\tex\generic\ifxetex\ifxete
x.sty"
Package: ifxetex 2010/09/12 v0.6 Provides ifxetex conditional
)
("C:\Users\usuario\AppData\Local\Programs\MiKTeX 2.9\tex\latex\oberdiek\auxhook
.sty"
Package: auxhook 2016/05/16 v1.4 Hooks for auxiliary files (HO)
)
("C:\Users\usuario\AppData\Local\Programs\MiKTeX 2.9\tex\latex\oberdiek\kvoptio
ns.sty"
Package: kvoptions 2016/05/16 v3.12 Key value format for package options (HO)
)
\@linkdim=\dimen103
\Hy@linkcounter=\count89
\Hy@pagecounter=\count90

("C:\Users\usuario\AppData\Local\Programs\MiKTeX 2.9\tex\latex\hyperref\pd1enc.
def"
File: pd1enc.def 2018/02/06 v6.86b Hyperref: PDFDocEncoding definition (HO)
Now handling font encoding PD1 ...
... no UTF-8 mapping file for font encoding PD1
)
\Hy@SavedSpaceFactor=\count91

("C:\Users\usuario\AppData\Local\Programs\MiKTeX 2.9\tex\latex\00miktex\hyperre
f.cfg"
File: hyperref.cfg 2002/06/06 v1.2 hyperref configuration of TeXLive
)
Package hyperref Info: Hyper figures OFF on input line 4509.
Package hyperref Info: Link nesting OFF on input line 4514.
Package hyperref Info: Hyper index ON on input line 4517.
Package hyperref Info: Plain pages OFF on input line 4524.
Package hyperref Info: Backreferencing OFF on input line 4529.
Package hyperref Info: Implicit mode ON; LaTeX internals redefined.
Package hyperref Info: Bookmarks ON on input line 4762.
\c@Hy@tempcnt=\count92

("C:\Users\usuario\AppData\Local\Programs\MiKTeX 2.9\tex\latex\url\url.sty"
\Urlmuskip=\muskip10
Package: url 2013/09/16  ver 3.4  Verb mode for urls, etc.
)
LaTeX Info: Redefining \url on input line 5115.
\XeTeXLinkMargin=\dimen104
\Fld@menulength=\count93
\Field@Width=\dimen105
\Fld@charsize=\dimen106
Package hyperref Info: Hyper figures OFF on input line 6369.
Package hyperref Info: Link nesting OFF on input line 6374.
Package hyperref Info: Hyper index ON on input line 6377.
Package hyperref Info: backreferencing OFF on input line 6384.
Package hyperref Info: Link coloring OFF on input line 6389.
Package hyperref Info: Link coloring with OCG OFF on input line 6394.
Package hyperref Info: PDF/A mode OFF on input line 6399.
LaTeX Info: Redefining \ref on input line 6439.
LaTeX Info: Redefining \pageref on input line 6443.
\Hy@abspage=\count94
\c@Item=\count95
\c@Hfootnote=\count96
)
Package hyperref Info: Driver (default): hdvips.

("C:\Users\usuario\AppData\Local\Programs\MiKTeX 2.9\tex\latex\hyperref\hdvips.
def"
File: hdvips.def 2018/02/06 v6.86b Hyperref driver for dvips

("C:\Users\usuario\AppData\Local\Programs\MiKTeX 2.9\tex\latex\hyperref\pdfmark
.def"
File: pdfmark.def 2018/02/06 v6.86b Hyperref definitions for pdfmark specials
\pdf@docset=\toks15
\pdf@box=\box26
\pdf@toks=\toks16
\pdf@defaulttoks=\toks17
\HyField@AnnotCount=\count97
\Fld@listcount=\count98
\c@bookmark@seq@number=\count99

("C:\Users\usuario\AppData\Local\Programs\MiKTeX 2.9\tex\latex\oberdiek\rerunfi
lecheck.sty"
Package: rerunfilecheck 2016/05/16 v1.8 Rerun checks for auxiliary files (HO)
Package uniquecounter Info: New unique counter `rerunfilecheck' on input line 2
82.
)
\Hy@SectionHShift=\skip43
))
("C:\Users\usuario\AppData\Local\Programs\MiKTeX 2.9\tex\latex\natbib\natbib.st
y"
Package: natbib 2010/09/13 8.31b (PWD, AO)
\bibhang=\skip44
\bibsep=\skip45
LaTeX Info: Redefining \cite on input line 694.
\c@NAT@ctr=\count100
)
("C:\Users\usuario\AppData\Local\Programs\MiKTeX 2.9\tex\latex\titlesec\titlese
c.sty"
Package: titlesec 2016/03/21 v2.10.2 Sectioning titles
\ttl@box=\box27
\beforetitleunit=\skip46
\aftertitleunit=\skip47
\ttl@plus=\dimen107
\ttl@minus=\dimen108
\ttl@toksa=\toks18
\titlewidth=\dimen109
\titlewidthlast=\dimen110
\titlewidthfirst=\dimen111
)
("C:\Users\usuario\AppData\Local\Programs\MiKTeX 2.9\tex\latex\titlesec\titleto
c.sty"
Package: titletoc 2011/12/15 v1.6 TOC entries
\ttl@leftsep=\dimen112
)
("C:\Users\usuario\AppData\Local\Programs\MiKTeX 2.9\tex\latex\tocloft\tocloft.
sty"
Package: tocloft 2017/08/31 v2.3i parameterised ToC, etc., typesetting
Package tocloft Info: The document has chapter divisions on input line 51.
\cftparskip=\skip48
\cftbeforetoctitleskip=\skip49
\cftaftertoctitleskip=\skip50
\cftbeforepartskip=\skip51
\cftpartnumwidth=\skip52
\cftpartindent=\skip53
\cftbeforechapskip=\skip54
\cftchapindent=\skip55
\cftchapnumwidth=\skip56
\cftbeforesecskip=\skip57
\cftsecindent=\skip58
\cftsecnumwidth=\skip59
\cftbeforesubsecskip=\skip60
\cftsubsecindent=\skip61
\cftsubsecnumwidth=\skip62
\cftbeforesubsubsecskip=\skip63
\cftsubsubsecindent=\skip64
\cftsubsubsecnumwidth=\skip65
\cftbeforeparaskip=\skip66
\cftparaindent=\skip67
\cftparanumwidth=\skip68
\cftbeforesubparaskip=\skip69
\cftsubparaindent=\skip70
\cftsubparanumwidth=\skip71
\cftbeforeloftitleskip=\skip72
\cftafterloftitleskip=\skip73
\cftbeforefigskip=\skip74
\cftfigindent=\skip75
\cftfignumwidth=\skip76
\cftbeforelottitleskip=\skip77
\cftafterlottitleskip=\skip78
\cftbeforetabskip=\skip79
\cfttabindent=\skip80
\cfttabnumwidth=\skip81
\cftbeforesubfigskip=\skip82
\cftsubfigindent=\skip83
\cftsubfignumwidth=\skip84
\cftbeforesubtabskip=\skip85
\cftsubtabindent=\skip86
\cftsubtabnumwidth=\skip87
)
("C:\Users\usuario\AppData\Local\Programs\MiKTeX 2.9\tex\latex\base\fontenc.sty
"
Package: fontenc 2017/04/05 v2.0i Standard LaTeX package
 ("C:\Users\usuario\AppData\Local\Programs\MiKTeX 2.9\tex\latex\base\t1enc.def"
File: t1enc.def 2017/04/05 v2.0i Standard LaTeX file
LaTeX Font Info:    Redeclaring font encoding T1 on input line 48.
))
("C:\Users\usuario\AppData\Local\Programs\MiKTeX 2.9\tex\latex\base\inputenc.st
y"
Package: inputenc 2018/04/06 v1.3b Input encoding file
\inpenc@prehook=\toks19
\inpenc@posthook=\toks20

("C:\Users\usuario\AppData\Local\Programs\MiKTeX 2.9\tex\latex\base\ansinew.def
"
File: ansinew.def 2018/04/06 v1.3b Input encoding file
))
("C:\Users\usuario\AppData\Local\Programs\MiKTeX 2.9\tex\generic\babel\babel.st
y"
Package: babel 2018/09/02 3.23 The Babel package

("C:\Users\usuario\AppData\Local\Programs\MiKTeX 2.9\tex\generic\babel\switch.d
ef"
File: switch.def 2018/09/02 3.23 Babel switching mechanism
)
*************************************
* Local config file bblopts.cfg used
*

("C:\Users\usuario\AppData\Local\Programs\MiKTeX 2.9\tex\latex\arabi\bblopts.cf
g"
File: bblopts.cfg 2005/09/08 v0.1 add Arabic and Farsi to "declared" options of
 babel
)
("C:\Users\usuario\AppData\Local\Programs\MiKTeX 2.9\tex\latex\babel-spanish\sp
anish.ldf"
Language: spanish.ldf 2016/03/03 v5.0p Spanish support from the babel system

("C:\Users\usuario\AppData\Local\Programs\MiKTeX 2.9\tex\generic\babel\babel.de
f"
File: babel.def 2018/09/02 3.23 Babel common definitions
\babel@savecnt=\count101
\U@D=\dimen113

("C:\Users\usuario\AppData\Local\Programs\MiKTeX 2.9\tex\generic\babel\txtbabel
.def")
\bbl@dirlevel=\count102
)
\es@quottoks=\toks21
\es@quotdepth=\count103
Package babel Info: Making " an active character on input line 561.
Package babel Info: Making < an active character on input line 707.
Package babel Info: Making > an active character on input line 707.
)) (chngcntr.sty
Package: chngcntr 2018/04/09 v1.1a change counter resetting
Package chngcntr Info: \counterwithout already defined.
(chngcntr)             Quitting chngcntr on input line 21.
)
("C:\Users\usuario\AppData\Local\Programs\MiKTeX 2.9\tex\latex\footmisc\footmis
c.sty"
Package: footmisc 2011/06/06 v5.5b a miscellany of footnote facilities
\FN@temptoken=\toks22
\footnotemargin=\dimen114
\c@pp@next@reset=\count104
Package footmisc Info: Declaring symbol style bringhurst on input line 855.
Package footmisc Info: Declaring symbol style chicago on input line 863.
Package footmisc Info: Declaring symbol style wiley on input line 872.
Package footmisc Info: Declaring symbol style lamport-robust on input line 883.

Package footmisc Info: Declaring symbol style lamport* on input line 903.
Package footmisc Info: Declaring symbol style lamport*-robust on input line 924
.
)
("C:\Users\usuario\AppData\Local\Programs\MiKTeX 2.9\tex\latex\caption\caption.
sty"
Package: caption 2018/05/01 v3.3-147 Customizing captions (AR)

("C:\Users\usuario\AppData\Local\Programs\MiKTeX 2.9\tex\latex\caption\caption3
.sty"
Package: caption3 2018/05/27 v1.8a caption3 kernel (AR)
Package caption3 Info: TeX engine: e-TeX on input line 64.
\captionmargin=\dimen115
\captionmargin@=\dimen116
\captionwidth=\dimen117
\caption@tempdima=\dimen118
\caption@indent=\dimen119
\caption@parindent=\dimen120
\caption@hangindent=\dimen121
)
\c@ContinuedFloat=\count105
Package caption Info: hyperref package is loaded.
)
("C:\Users\usuario\AppData\Local\Programs\MiKTeX 2.9\tex\latex\geometry\geometr
y.sty"
Package: geometry 2018/04/16 v5.8 Page Geometry
\Gm@cnth=\count106
\Gm@cntv=\count107
\c@Gm@tempcnt=\count108
\Gm@bindingoffset=\dimen122
\Gm@wd@mp=\dimen123
\Gm@odd@mp=\dimen124
\Gm@even@mp=\dimen125
\Gm@layoutwidth=\dimen126
\Gm@layoutheight=\dimen127
\Gm@layouthoffset=\dimen128
\Gm@layoutvoffset=\dimen129
\Gm@dimlist=\toks23

("C:\Users\usuario\AppData\Local\Programs\MiKTeX 2.9\tex\latex\geometry\geometr
y.cfg"))
("C:\Users\usuario\AppData\Local\Programs\MiKTeX 2.9\tex\latex\fancyhdr\fancyhd
r.sty"
Package: fancyhdr 2019/01/31 v3.10 Extensive control of page headers and footer
s
\f@nch@headwidth=\skip88
\f@nch@O@elh=\skip89
\f@nch@O@erh=\skip90
\f@nch@O@olh=\skip91
\f@nch@O@orh=\skip92
\f@nch@O@elf=\skip93
\f@nch@O@erf=\skip94
\f@nch@O@olf=\skip95
\f@nch@O@orf=\skip96
)
("C:\Users\usuario\AppData\Local\Programs\MiKTeX 2.9\tex\latex\psnfss\mathptmx.
sty"
Package: mathptmx 2005/04/12 PSNFSS-v9.2a Times w/ Math, improved (SPQR, WaS) 
LaTeX Font Info:    Redeclaring symbol font `operators' on input line 28.
LaTeX Font Info:    Overwriting symbol font `operators' in version `normal'
(Font)                  OT1/cmr/m/n --> OT1/ztmcm/m/n on input line 28.
LaTeX Font Info:    Overwriting symbol font `operators' in version `bold'
(Font)                  OT1/cmr/bx/n --> OT1/ztmcm/m/n on input line 28.
LaTeX Font Info:    Redeclaring symbol font `letters' on input line 29.
LaTeX Font Info:    Overwriting symbol font `letters' in version `normal'
(Font)                  OML/cmm/m/it --> OML/ztmcm/m/it on input line 29.
LaTeX Font Info:    Overwriting symbol font `letters' in version `bold'
(Font)                  OML/cmm/b/it --> OML/ztmcm/m/it on input line 29.
LaTeX Font Info:    Redeclaring symbol font `symbols' on input line 30.
LaTeX Font Info:    Overwriting symbol font `symbols' in version `normal'
(Font)                  OMS/cmsy/m/n --> OMS/ztmcm/m/n on input line 30.
LaTeX Font Info:    Overwriting symbol font `symbols' in version `bold'
(Font)                  OMS/cmsy/b/n --> OMS/ztmcm/m/n on input line 30.
LaTeX Font Info:    Redeclaring symbol font `largesymbols' on input line 31.
LaTeX Font Info:    Overwriting symbol font `largesymbols' in version `normal'
(Font)                  OMX/cmex/m/n --> OMX/ztmcm/m/n on input line 31.
LaTeX Font Info:    Overwriting symbol font `largesymbols' in version `bold'
(Font)                  OMX/cmex/m/n --> OMX/ztmcm/m/n on input line 31.
\symbold=\mathgroup4
\symitalic=\mathgroup5
LaTeX Font Info:    Redeclaring math alphabet \mathbf on input line 34.
LaTeX Font Info:    Overwriting math alphabet `\mathbf' in version `normal'
(Font)                  OT1/cmr/bx/n --> OT1/ptm/bx/n on input line 34.
LaTeX Font Info:    Overwriting math alphabet `\mathbf' in version `bold'
(Font)                  OT1/cmr/bx/n --> OT1/ptm/bx/n on input line 34.
LaTeX Font Info:    Redeclaring math alphabet \mathit on input line 35.
LaTeX Font Info:    Overwriting math alphabet `\mathit' in version `normal'
(Font)                  OT1/cmr/m/it --> OT1/ptm/m/it on input line 35.
LaTeX Font Info:    Overwriting math alphabet `\mathit' in version `bold'
(Font)                  OT1/cmr/bx/it --> OT1/ptm/m/it on input line 35.
LaTeX Info: Redefining \hbar on input line 50.
)
("C:\Users\usuario\AppData\Local\Programs\MiKTeX 2.9\tex\latex\setspace\setspac
e.sty"
Package: setspace 2011/12/19 v6.7a set line spacing
)
("C:\Users\usuario\AppData\Local\Programs\MiKTeX 2.9\tex\latex\threeparttable\t
hreeparttable.sty"
Package: threeparttable 2003/06/13  v 3.0
\@tempboxb=\box28
)
("C:\Users\usuario\AppData\Local\Programs\MiKTeX 2.9\tex\latex\etoolbox\etoolbo
x.sty"
Package: etoolbox 2018/08/19 v2.5f e-TeX tools for LaTeX (JAW)
\etb@tempcnta=\count109
)
\c@anexo=\count110
\cftbeforeanexoskip=\skip97
\cftanexoindent=\skip98
\cftanexonumwidth=\skip99
\c@loadepth=\count111
\cftbeforeloatitleskip=\skip100
\cftafterloatitleskip=\skip101
)
("C:\Users\usuario\AppData\Local\Programs\MiKTeX 2.9\tex\latex\graphics\epsfig.
sty"
Package: epsfig 2017/06/25 v1.7b (e)psfig emulation (SPQR)

("C:\Users\usuario\AppData\Local\Programs\MiKTeX 2.9\tex\latex\graphics\graphic
x.sty"
Package: graphicx 2017/06/01 v1.1a Enhanced LaTeX Graphics (DPC,SPQR)

("C:\Users\usuario\AppData\Local\Programs\MiKTeX 2.9\tex\latex\graphics\graphic
s.sty"
Package: graphics 2017/06/25 v1.2c Standard LaTeX Graphics (DPC,SPQR)

("C:\Users\usuario\AppData\Local\Programs\MiKTeX 2.9\tex\latex\graphics\trig.st
y"
Package: trig 2016/01/03 v1.10 sin cos tan (DPC)
)
("C:\Users\usuario\AppData\Local\Programs\MiKTeX 2.9\tex\latex\graphics-cfg\gra
phics.cfg"
File: graphics.cfg 2016/06/04 v1.11 sample graphics configuration
)
Package graphics Info: Driver file: dvips.def on input line 99.

("C:\Users\usuario\AppData\Local\Programs\MiKTeX 2.9\tex\latex\graphics-def\dvi
ps.def"
File: dvips.def 2017/06/20 v3.1d Graphics/color driver for dvips
))
\Gin@req@height=\dimen130
\Gin@req@width=\dimen131
)
\epsfxsize=\dimen132
\epsfysize=\dimen133
)
("C:\Users\usuario\AppData\Local\Programs\MiKTeX 2.9\tex\latex\amsmath\amsmath.
sty"
Package: amsmath 2017/09/02 v2.17a AMS math features
\@mathmargin=\skip102

For additional information on amsmath, use the `?' option.

("C:\Users\usuario\AppData\Local\Programs\MiKTeX 2.9\tex\latex\amsmath\amstext.
sty"
Package: amstext 2000/06/29 v2.01 AMS text

("C:\Users\usuario\AppData\Local\Programs\MiKTeX 2.9\tex\latex\amsmath\amsgen.s
ty"
File: amsgen.sty 1999/11/30 v2.0 generic functions
\@emptytoks=\toks24
\ex@=\dimen134
))
("C:\Users\usuario\AppData\Local\Programs\MiKTeX 2.9\tex\latex\amsmath\amsbsy.s
ty"
Package: amsbsy 1999/11/29 v1.2d Bold Symbols
\pmbraise@=\dimen135
)
("C:\Users\usuario\AppData\Local\Programs\MiKTeX 2.9\tex\latex\amsmath\amsopn.s
ty"
Package: amsopn 2016/03/08 v2.02 operator names
)
\inf@bad=\count112
LaTeX Info: Redefining \frac on input line 213.
\uproot@=\count113
\leftroot@=\count114
LaTeX Info: Redefining \overline on input line 375.
\classnum@=\count115
\DOTSCASE@=\count116
LaTeX Info: Redefining \ldots on input line 472.
LaTeX Info: Redefining \dots on input line 475.
LaTeX Info: Redefining \cdots on input line 596.
\Mathstrutbox@=\box29
\strutbox@=\box30
\big@size=\dimen136
LaTeX Font Info:    Redeclaring font encoding OML on input line 712.
LaTeX Font Info:    Redeclaring font encoding OMS on input line 713.
\macc@depth=\count117
\c@MaxMatrixCols=\count118
\dotsspace@=\muskip11
\c@parentequation=\count119
\dspbrk@lvl=\count120
\tag@help=\toks25
\row@=\count121
\column@=\count122
\maxfields@=\count123
\andhelp@=\toks26
\eqnshift@=\dimen137
\alignsep@=\dimen138
\tagshift@=\dimen139
\tagwidth@=\dimen140
\totwidth@=\dimen141
\lineht@=\dimen142
\@envbody=\toks27
\multlinegap=\skip103
\multlinetaggap=\skip104
\mathdisplay@stack=\toks28
LaTeX Info: Redefining \[ on input line 2817.
LaTeX Info: Redefining \] on input line 2818.
)
("C:\Users\usuario\AppData\Local\Programs\MiKTeX 2.9\tex\latex\amsfonts\amssymb
.sty"
Package: amssymb 2013/01/14 v3.01 AMS font symbols

("C:\Users\usuario\AppData\Local\Programs\MiKTeX 2.9\tex\latex\amsfonts\amsfont
s.sty"
Package: amsfonts 2013/01/14 v3.01 Basic AMSFonts support
\symAMSa=\mathgroup6
\symAMSb=\mathgroup7
LaTeX Font Info:    Overwriting math alphabet `\mathfrak' in version `bold'
(Font)                  U/euf/m/n --> U/euf/b/n on input line 106.
))
("C:\Users\usuario\AppData\Local\Programs\MiKTeX 2.9\tex\latex\subfigure\subfig
ure.sty"
Package: subfigure 2002/07/30 v2.1.4 subfigure package
\subfigtopskip=\skip105
\subfigcapskip=\skip106
\subfigcaptopadj=\dimen143
\subfigbottomskip=\skip107
\subfigcapmargin=\dimen144
\subfiglabelskip=\skip108
\c@subfigure=\count124
\c@lofdepth=\count125
\c@subtable=\count126
\c@lotdepth=\count127

****************************************
* Local config file subfigure.cfg used *
****************************************

("C:\Users\usuario\AppData\Local\Programs\MiKTeX 2.9\tex\latex\subfigure\subfig
ure.cfg")
\subfig@top=\skip109
\subfig@bottom=\skip110
)

LaTeX Warning: Unused global option(s):
    [letter].

(Plantilla_UIS.aux (Secs/P0.aux)
LaTeX Info: Redefining \. on input line 25.
LaTeX Info: Redefining \% on input line 25.
 (Secs/dedicatoria.aux)
(Secs/agradecimientos.aux) (Secs/glosario.aux) (Secs/res.aux) (Secs/abs.aux)
(Secs/T1.aux) (Secs/T2.aux))
\openout1 = `Plantilla_UIS.aux'.

LaTeX Font Info:    Checking defaults for OML/cmm/m/it on input line 33.
LaTeX Font Info:    ... okay on input line 33.
LaTeX Font Info:    Checking defaults for T1/cmr/m/n on input line 33.
LaTeX Font Info:    ... okay on input line 33.
LaTeX Font Info:    Checking defaults for OT1/cmr/m/n on input line 33.
LaTeX Font Info:    ... okay on input line 33.
LaTeX Font Info:    Checking defaults for OMS/cmsy/m/n on input line 33.
LaTeX Font Info:    ... okay on input line 33.
LaTeX Font Info:    Checking defaults for OMX/cmex/m/n on input line 33.
LaTeX Font Info:    ... okay on input line 33.
LaTeX Font Info:    Checking defaults for U/cmr/m/n on input line 33.
LaTeX Font Info:    ... okay on input line 33.
LaTeX Font Info:    Checking defaults for PD1/pdf/m/n on input line 33.
LaTeX Font Info:    ... okay on input line 33.
LaTeX Font Info:    Try loading font information for T1+ptm on input line 33.

("C:\Users\usuario\AppData\Local\Programs\MiKTeX 2.9\tex\latex\psnfss\t1ptm.fd"
File: t1ptm.fd 2001/06/04 font definitions for T1/ptm.
)
\AtBeginShipoutBox=\box31
Package hyperref Info: Link coloring OFF on input line 33.

("C:\Users\usuario\AppData\Local\Programs\MiKTeX 2.9\tex\latex\hyperref\nameref
.sty"
Package: nameref 2016/05/21 v2.44 Cross-referencing by name of section

("C:\Users\usuario\AppData\Local\Programs\MiKTeX 2.9\tex\generic\oberdiek\getti
tlestring.sty"
Package: gettitlestring 2016/05/16 v1.5 Cleanup title references (HO)
)
\c@section@level=\count128
)
LaTeX Info: Redefining \ref on input line 33.
LaTeX Info: Redefining \pageref on input line 33.
LaTeX Info: Redefining \nameref on input line 33.
 (Plantilla_UIS.out) (Plantilla_UIS.out)
\@outlinefile=\write3
\openout3 = `Plantilla_UIS.out'.

LaTeX Info: Redefining \. on input line 33.
LaTeX Info: Redefining \% on input line 33.
Package caption Info: Begin \AtBeginDocument code.
Package caption Info: subfigure package is loaded.
Package caption Info: threeparttable package is loaded.
Package caption Info: End \AtBeginDocument code.

*geometry* driver: auto-detecting
*geometry* detected driver: dvips
*geometry* verbose mode - [ preamble ] result:
* driver: dvips
* paper: <default>
* layout: <same size as paper>
* layoutoffset:(h,v)=(0.0pt,0.0pt)
* modes: 
* h-part:(L,W,R)=(72.2698pt, 469.75539pt, 72.2698pt)
* v-part:(T,H,B)=(72.2698pt, 650.43037pt, 72.2698pt)
* \paperwidth=614.295pt
* \paperheight=794.96999pt
* \textwidth=469.75539pt
* \textheight=597.50787pt
* \oddsidemargin=-0.00018pt
* \evensidemargin=-0.00018pt
* \topmargin=-55.0pt
* \headheight=12.0pt
* \headsep=50.0pt
* \topskip=12.0pt
* \footskip=30.0pt
* \marginparwidth=44.0pt
* \marginparsep=10.0pt
* \columnsep=10.0pt
* \skip\footins=29.0pt
* \hoffset=0.0pt
* \voffset=0.0pt
* \mag=1000
* \@twocolumnfalse
* \@twosidefalse
* \@mparswitchfalse
* \@reversemarginfalse
* (1in=72.27pt=25.4mm, 1cm=28.453pt)

\openout2 = `Secs/P0.aux'.

(Secs/P0.tex

Package Fancyhdr Warning: \headheight is too small (12.0pt): 
Make it at least 14.49998pt.
We now make it that large for the rest of the document.
This may cause the page layout to be inconsistent, however.

[1


]
File: figs/nota.eps Graphic file (type eps)
 <figs/nota.eps>
File: figs/autoriza.eps Graphic file (type eps)
 <figs/autoriza.eps>) [2] [3]
\openout2 = `Secs/dedicatoria.aux'.

 (Secs/dedicatoria.tex
LaTeX Font Info:    Font shape `T1/ptm/bx/n' in size <12> not available
(Font)              Font shape `T1/ptm/b/n' tried instead on input line 8.

Underfull \hbox (badness 10000) in paragraph at lines 10--12

 []

) [4


]
\openout2 = `Secs/agradecimientos.aux'.

 (Secs/agradecimientos.tex
Underfull \hbox (badness 10000) in paragraph at lines 10--13

 []

[5


])
LaTeX Font Info:    Font shape `T1/ptm/bx/n' in size <24.88> not available
(Font)              Font shape `T1/ptm/b/n' tried instead on input line 51.
 (Plantilla_UIS.toc
LaTeX Info: Redefining \. on input line 1.
LaTeX Info: Redefining \% on input line 1.
LaTeX Font Info:    Try loading font information for OT1+ztmcm on input line 2.


("C:\Users\usuario\AppData\Local\Programs\MiKTeX 2.9\tex\latex\psnfss\ot1ztmcm.
fd"
File: ot1ztmcm.fd 2000/01/03 Fontinst v1.801 font definitions for OT1/ztmcm.
)
LaTeX Font Info:    Try loading font information for OML+ztmcm on input line 2.


("C:\Users\usuario\AppData\Local\Programs\MiKTeX 2.9\tex\latex\psnfss\omlztmcm.
fd"
File: omlztmcm.fd 2000/01/03 Fontinst v1.801 font definitions for OML/ztmcm.
)
LaTeX Font Info:    Try loading font information for OMS+ztmcm on input line 2.


("C:\Users\usuario\AppData\Local\Programs\MiKTeX 2.9\tex\latex\psnfss\omsztmcm.
fd"
File: omsztmcm.fd 2000/01/03 Fontinst v1.801 font definitions for OMS/ztmcm.
)
LaTeX Font Info:    Try loading font information for OMX+ztmcm on input line 2.


("C:\Users\usuario\AppData\Local\Programs\MiKTeX 2.9\tex\latex\psnfss\omxztmcm.
fd"
File: omxztmcm.fd 2000/01/03 Fontinst v1.801 font definitions for OMX/ztmcm.
)
LaTeX Font Info:    Try loading font information for OT1+ptm on input line 2.

("C:\Users\usuario\AppData\Local\Programs\MiKTeX 2.9\tex\latex\psnfss\ot1ptm.fd
"
File: ot1ptm.fd 2001/06/04 font definitions for OT1/ptm.
)
LaTeX Font Info:    Font shape `OT1/ptm/bx/n' in size <12> not available
(Font)              Font shape `OT1/ptm/b/n' tried instead on input line 2.
LaTeX Font Info:    Font shape `OT1/ptm/bx/n' in size <9> not available
(Font)              Font shape `OT1/ptm/b/n' tried instead on input line 2.
LaTeX Font Info:    Font shape `OT1/ptm/bx/n' in size <7> not available
(Font)              Font shape `OT1/ptm/b/n' tried instead on input line 2.
 [6

] [7])
\tf@toc=\write4
\openout4 = `Plantilla_UIS.toc'.

 [8] (Plantilla_UIS.lof
LaTeX Info: Redefining \. on input line 1.
LaTeX Info: Redefining \% on input line 1.
 [9

])
\tf@lof=\write5
\openout5 = `Plantilla_UIS.lof'.

 [10] (Plantilla_UIS.lot
LaTeX Info: Redefining \. on input line 1.
LaTeX Info: Redefining \% on input line 1.
)
\tf@lot=\write6
\openout6 = `Plantilla_UIS.lot'.

 [11

]
(Plantilla_UIS.loa)
\tf@loa=\write7
\openout7 = `Plantilla_UIS.loa'.

 [12

]
\openout2 = `Secs/glosario.aux'.

 (Secs/glosario.tex) [13


]
\openout2 = `Secs/res.aux'.

 (Secs/res.tex
LaTeX Font Info:    Font shape `T1/ptm/bx/n' in size <10> not available
(Font)              Font shape `T1/ptm/b/n' tried instead on input line 12.
LaTeX Font Info:    Font shape `OT1/ptm/bx/n' in size <10> not available
(Font)              Font shape `OT1/ptm/b/n' tried instead on input line 12.
LaTeX Font Info:    Font shape `OT1/ptm/bx/n' in size <7.4> not available
(Font)              Font shape `OT1/ptm/b/n' tried instead on input line 12.
LaTeX Font Info:    Font shape `OT1/ptm/bx/n' in size <6> not available
(Font)              Font shape `OT1/ptm/b/n' tried instead on input line 12.
) [14


]
\openout2 = `Secs/abs.aux'.


(Secs/abs.tex) [15


] (Secs/T0.tex
Underfull \hbox (badness 10000) in paragraph at lines 13--17

 []


Underfull \hbox (badness 10000) in paragraph at lines 18--22

 []


Underfull \hbox (badness 10000) in paragraph at lines 23--26

 []


Underfull \hbox (badness 10000) in paragraph at lines 27--29

 []


Underfull \hbox (badness 10000) in paragraph at lines 30--35

 []

[16

]
Underfull \hbox (badness 10000) in paragraph at lines 36--45

 []


Underfull \hbox (badness 10000) in paragraph at lines 46--51

 []


Underfull \hbox (badness 10000) in paragraph at lines 52--59

 []

[17]) [18]
\openout2 = `Secs/T1.aux'.

 (Secs/T1.tex
Cap\'{\i }tulo 1.
) [19

]
\openout2 = `Secs/T2.aux'.

 (Secs/T2.tex
Cap\'{\i }tulo 2.
File: figs/control_sistem.eps Graphic file (type eps)
<figs/control_sistem.eps> [20


]
Underfull \hbox (badness 10000) in paragraph at lines 42--45

 []


Underfull \hbox (badness 10000) in paragraph at lines 46--47

 []

[21] [22] [23]
Underfull \hbox (badness 10000) in paragraph at lines 122--123

 []


Underfull \hbox (badness 10000) in paragraph at lines 124--125

 []


Underfull \hbox (badness 10000) in paragraph at lines 126--127

 []

[24]

Package hyperref Warning: Token not allowed in a PDF string (PDFDocEncoding):
(hyperref)                removing `math shift' on input line 136.


Package hyperref Warning: Token not allowed in a PDF string (PDFDocEncoding):
(hyperref)                removing `math shift' on input line 136.

[25]

LaTeX Warning: Command \textdegree invalid in math mode on input line 155.


LaTeX Warning: Command \textdegree invalid in math mode on input line 161.

[26]
File: figs/step_inestab.eps Graphic file (type eps)
 <figs/step_inestab.eps>

LaTeX Warning: `h' float specifier changed to `ht'.


Package hyperref Warning: Token not allowed in a PDF string (PDFDocEncoding):
(hyperref)                removing `math shift' on input line 197.


Package hyperref Warning: Token not allowed in a PDF string (PDFDocEncoding):
(hyperref)                removing `math shift' on input line 197.


Underfull \hbox (badness 10000) in paragraph at lines 199--200

 []

[27]
Underfull \hbox (badness 10000) in paragraph at lines 201--202

 []

[28]
Underfull \hbox (badness 10000) in paragraph at lines 212--215

 []


Underfull \hbox (badness 10000) in paragraph at lines 216--221

 []

File: figs/stab_set1.eps Graphic file (type eps)
<figs/stab_set1.eps>

LaTeX Warning: `h' float specifier changed to `ht'.


Underfull \hbox (badness 10000) in paragraph at lines 229--230

 []

[29]
Underfull \hbox (badness 10000) in paragraph at lines 231--232

 []

File: figs/Mp_ts.eps Graphic file (type eps)
<figs/Mp_ts.eps>

LaTeX Warning: `h' float specifier changed to `ht'.


Underfull \hbox (badness 10000) in paragraph at lines 242--243

 []

[30]
Underfull \hbox (badness 10000) in paragraph at lines 244--245

 []

File: Figs/step_E1.eps Graphic file (type eps)
<Figs/step_E1.eps>
File: Figs/stab_set_E1.eps Graphic file (type eps)
 <Figs/stab_set_E1.eps>
File: Figs/step_E2.eps Graphic file (type eps)
 <Figs/step_E2.eps>
File: Figs/stab_set_E2.eps Graphic file (type eps)

<Figs/stab_set_E2.eps>
File: Figs/step_E3.eps Graphic file (type eps)
 <Figs/step_E3.eps>
File: Figs/stab_set_E3.eps Graphic file (type eps)
 <Figs/stab_set_E3.eps> [31] [32]

Package hyperref Warning: Token not allowed in a PDF string (PDFDocEncoding):
(hyperref)                removing `math shift' on input line 260.


Package hyperref Warning: Token not allowed in a PDF string (PDFDocEncoding):
(hyperref)                removing `math shift' on input line 260.


Underfull \hbox (badness 10000) in paragraph at lines 263--264

 []

[33]
LaTeX Font Info:    Font shape `T1/ptm/bx/it' in size <12> not available
(Font)              Font shape `T1/ptm/b/it' tried instead on input line 273.
File: figs/Nivel_superior.eps Graphic file (type eps)
 <figs/Nivel_superior.eps>
File: figs/Primer_nivel.eps Graphic file (type eps)
 <figs/Primer_nivel.eps>

LaTeX Warning: `h' float specifier changed to `ht'.


Underfull \hbox (badness 10000) in paragraph at lines 295--296

 []


Underfull \hbox (badness 10000) in paragraph at lines 297--298

 []

[34] [35]
File: figs/Segundo_Nivel_Sub_1.eps Graphic file (type eps)
 <figs/Segundo_Nivel_Sub_1.eps>
File: figs/Segundo_Nivel_Sub_2.eps Graphic file (type eps)
 <figs/Segundo_Nivel_Sub_2.eps>

LaTeX Warning: `h' float specifier changed to `ht'.

File: figs/Segundo_Nivel_Sub_3.eps Graphic file (type eps)
<figs/Segundo_Nivel_Sub_3.eps>

LaTeX Warning: `h' float specifier changed to `ht'.

File: figs/Segundo_Nivel_Sub_4.eps Graphic file (type eps)
<figs/Segundo_Nivel_Sub_4.eps>

LaTeX Warning: `h' float specifier changed to `ht'.


Underfull \hbox (badness 10000) in paragraph at lines 345--346

 []

[36]
Underfull \hbox (badness 10000) in paragraph at lines 347--348

 []

[37]
File: figs/interfaz.eps Graphic file (type eps)
 <figs/interfaz.eps> [38]) [39] (Secs/T3.tex
Cap\'{\i }tulo 3.

Underfull \hbox (badness 10000) in paragraph at lines 22--23

 []

File: figs/drone.eps Graphic file (type eps)
<figs/drone.eps>

LaTeX Warning: `h' float specifier changed to `ht'.

[40

] [41]
Underfull \hbox (badness 10000) in paragraph at lines 50--52

 []


Underfull \hbox (badness 10000) in paragraph at lines 55--60

 []

File: figs/cuerpolibre.eps Graphic file (type eps)
<figs/cuerpolibre.eps> [42] [43] [44]
Underfull \hbox (badness 10000) in paragraph at lines 147--153

 []

[45]
Underfull \hbox (badness 10000) in paragraph at lines 196--201

 []


Underfull \hbox (badness 10000) in paragraph at lines 202--203

 []

[46]
Underfull \hbox (badness 10000) in paragraph at lines 218--219

 []

[47]
Underfull \hbox (badness 10000) in paragraph at lines 248--250

 []

[48]
Underfull \hbox (badness 10000) in paragraph at lines 302--305

 []

[49]
Underfull \hbox (badness 10000) in paragraph at lines 317--318

 []

[50]
Underfull \hbox (badness 10000) in paragraph at lines 335--338

 []

[51]
Underfull \hbox (badness 10000) in paragraph at lines 356--359

 []

[52]
Overfull \vbox (82.48816pt too high) has occurred while \output is active []


[53]
Underfull \hbox (badness 10000) in paragraph at lines 426--429

 []


Underfull \hbox (badness 10000) in paragraph at lines 455--456

 []

[54]
LaTeX Font Info:    Font shape `OT1/ptm/bx/n' in size <8> not available
(Font)              Font shape `OT1/ptm/b/n' tried instead on input line 534.
 [55] [56] [57]
Underfull \hbox (badness 10000) in paragraph at lines 587--588

 []

[58]
Underfull \hbox (badness 10000) in paragraph at lines 607--610

 []

[59]
Underfull \hbox (badness 10000) in paragraph at lines 629--632

 []


Underfull \hbox (badness 10000) in paragraph at lines 633--636

 []


Underfull \hbox (badness 10000) in paragraph at lines 637--638

 []


Underfull \hbox (badness 10000) in paragraph at lines 639--640

 []

[60]
Underfull \hbox (badness 10000) in paragraph at lines 641--642

 []

File: Figs/zlanl.eps Graphic file (type eps)
<Figs/zlanl.eps>
File: Figs/dzlanl.eps Graphic file (type eps)
 <Figs/dzlanl.eps>
File: Figs/philanl.eps Graphic file (type eps)
 <Figs/philanl.eps>
File: Figs/dphilanl.eps Graphic file (type eps)
 <Figs/dphilanl.eps>
File: Figs/thetalanl.eps Graphic file (type eps)

<Figs/thetalanl.eps>
File: Figs/dthetalanl.eps Graphic file (type eps)
 <Figs/dthetalanl.eps>
File: Figs/psilanl.eps Graphic file (type eps)
 <Figs/psilanl.eps>
File: Figs/dpsilanl.eps Graphic file (type eps)

<Figs/dpsilanl.eps>

LaTeX Warning: Float too large for page by 9.55211pt on input line 656.

File: Figs/zlanl2.eps Graphic file (type eps)
<Figs/zlanl2.eps>
File: Figs/dzlanl2.eps Graphic file (type eps)
 <Figs/dzlanl2.eps>
File: Figs/philanl2.eps Graphic file (type eps)
 <Figs/philanl2.eps>
File: Figs/dphilanl2.eps Graphic file (type eps)
 <Figs/dphilanl2.eps>
File: Figs/thetalanl2.eps Graphic file (type eps)

<Figs/thetalanl2.eps>
File: Figs/dthetalanl2.eps Graphic file (type eps)
 <Figs/dthetalanl2.eps>
File: Figs/psilanl2.eps Graphic file (type eps)
 <Figs/psilanl2.eps>
File: Figs/dpsilanl2.eps Graphic file (type eps)

<Figs/dpsilanl2.eps>

LaTeX Warning: Float too large for page by 9.55211pt on input line 669.

) (Secs/T4.tex
Cap\'{\i }tulo 4.
[61] [62] [63]
Underfull \hbox (badness 10000) in paragraph at lines 19--20

 []


Underfull \hbox (badness 10000) in paragraph at lines 21--22

 []

[64]
File: figs/PID_Diagrama.eps Graphic file (type eps)
 <figs/PID_Diagrama.eps>

LaTeX Warning: `h' float specifier changed to `ht'.


Underfull \hbox (badness 10000) in paragraph at lines 56--57

 []

[65]
Underfull \hbox (badness 10000) in paragraph at lines 58--59

 []


Underfull \hbox (badness 10000) in paragraph at lines 60--61

 []


Underfull \hbox (badness 10000) in paragraph at lines 62--63

 []

[66]
Underfull \hbox (badness 10000) in paragraph at lines 64--65

 []


Underfull \hbox (badness 10000) in paragraph at lines 66--67

 []


Underfull \hbox (badness 10000) in paragraph at lines 73--74

 []

[67]
Underfull \hbox (badness 10000) in paragraph at lines 89--92

 []

[68]
File: figs/ZNol.eps Graphic file (type eps)
 <figs/ZNol.eps>
Underfull \hbox (badness 10000) in paragraph at lines 109--110

 []


Underfull \hbox (badness 10000) in paragraph at lines 132--133

 []

[69]
Underfull \hbox (badness 10000) in paragraph at lines 148--149

 []


Underfull \hbox (badness 10000) in paragraph at lines 150--152

 []

File: figs/step_PI.eps Graphic file (type eps)
<figs/step_PI.eps>

LaTeX Warning: `h' float specifier changed to `ht'.

[70]
File: figs/stab_set_PI.eps Graphic file (type eps)
 <figs/stab_set_PI.eps>

LaTeX Warning: `h' float specifier changed to `ht'.


Underfull \hbox (badness 10000) in paragraph at lines 184--185

 []

[71]
Underfull \hbox (badness 10000) in paragraph at lines 191--195

 []


Underfull \hbox (badness 10000) in paragraph at lines 196--200

 []

[72]
Underfull \hbox (badness 10000) in paragraph at lines 201--203

 []


Underfull \hbox (badness 10000) in paragraph at lines 209--212

 []

[73]
Underfull \hbox (badness 10000) in paragraph at lines 233--236

 []


Underfull \hbox (badness 10000) in paragraph at lines 237--238

 []

[74]
Underfull \hbox (badness 10000) in paragraph at lines 259--260

 []

[75]
Underfull \hbox (badness 10000) in paragraph at lines 274--275

 []


Underfull \hbox (badness 10000) in paragraph at lines 276--277

 []

[76]
File: Figs/curvas1.eps Graphic file (type eps)
 <Figs/curvas1.eps>
File: Figs/curvas1-2.eps Graphic file (type eps)
 <Figs/curvas1-2.eps>
Underfull \hbox (badness 10000) in paragraph at lines 296--300

 []


Underfull \hbox (badness 10000) in paragraph at lines 301--304

 []


Underfull \hbox (badness 10000) in paragraph at lines 309--312

 []

[77] [78]
Underfull \hbox (badness 10000) in paragraph at lines 313--314

 []


Underfull \hbox (badness 10000) in paragraph at lines 315--316

 []


LaTeX Warning: Command \textdegree invalid in math mode on input line 317.


Underfull \hbox (badness 10000) in paragraph at lines 317--318

 []


Underfull \hbox (badness 10000) in paragraph at lines 319--320

 []

[79]

LaTeX Warning: Command \textdegree invalid in math mode on input line 321.


Underfull \hbox (badness 10000) in paragraph at lines 321--322

 []


LaTeX Warning: Command \textdegree invalid in math mode on input line 323.


Underfull \hbox (badness 10000) in paragraph at lines 323--324

 []


Underfull \hbox (badness 10000) in paragraph at lines 325--326

 []

[80]
Underfull \hbox (badness 10000) in paragraph at lines 338--340

 []

[81] [82]
Underfull \hbox (badness 10000) in paragraph at lines 371--374

 []


Underfull \hbox (badness 10000) in paragraph at lines 375--376

 []

File: Figs/curvas2-1.eps Graphic file (type eps)
<Figs/curvas2-1.eps>
File: Figs/curvas2-2.eps Graphic file (type eps)
 <Figs/curvas2-2.eps>
File: Figs/max_dist_2.eps Graphic file (type eps)
 <Figs/max_dist_2.eps>
File: Figs/max_dist.eps Graphic file (type eps)

<Figs/max_dist.eps>) (Secs/T5.tex
Cap\'{\i }tulo 5.
) (Secs/T6.tex
Cap\'{\i }tulo 6.

Underfull \hbox (badness 10000) in paragraph at lines 11--12

 []

[83] [84] [85]) (Secs/T7.tex
Cap\'{\i }tulo 7.

Underfull \hbox (badness 10000) in paragraph at lines 12--14

 []


Underfull \hbox (badness 10000) in paragraph at lines 15--16

 []


Underfull \hbox (badness 10000) in paragraph at lines 19--21

 []

[86] [87]) [88] (Plantilla_UIS.bbl [89] [90] [91]) (Secs/anexoA.tex [92]
Underfull \hbox (badness 10000) in paragraph at lines 14--16

 []


Underfull \hbox (badness 10000) in paragraph at lines 17--21

 []

[93]
File: Figs/prodvect.eps Graphic file (type eps)
 <Figs/prodvect.eps>
File: Figs/rigid.eps Graphic file (type eps)
 <Figs/rigid.eps>

LaTeX Warning: `h' float specifier changed to `ht'.

[94]
File: Figs/rotacion.eps Graphic file (type eps)
 <Figs/rotacion.eps>

LaTeX Warning: `h' float specifier changed to `ht'.

[95]
Underfull \hbox (badness 10000) in paragraph at lines 132--135

 []

[96]
Underfull \hbox (badness 10000) in paragraph at lines 153--156

 []


Underfull \hbox (badness 10000) in paragraph at lines 161--164

 []

[97]
Underfull \hbox (badness 10000) in paragraph at lines 176--179

 []

[98]
Underfull \hbox (badness 10000) in paragraph at lines 193--196

 []

) (Secs/anexoB.tex [99] [100]
Underfull \hbox (badness 10000) in paragraph at lines 16--19

 []


Underfull \hbox (badness 10000) in paragraph at lines 20--21

 []


Underfull \hbox (badness 10000) in paragraph at lines 26--29

 []

[101]
Underfull \hbox (badness 10000) in paragraph at lines 60--64

 []

File: Figs/flujodiag.eps Graphic file (type eps)
<Figs/flujodiag.eps> [102]
Underfull \hbox (badness 10000) in paragraph at lines 72--73

 []


Underfull \hbox (badness 10000) in paragraph at lines 74--75

 []

) (Secs/anexoC.tex [103] [104]
File: figs/primero.eps Graphic file (type eps)
 <figs/primero.eps>
File: figs/segunda.eps Graphic file (type eps)
 <figs/segunda.eps> [105]
File: figs/tercero.eps Graphic file (type eps)

<figs/tercero.eps>
File: figs/cuarta.eps Graphic file (type eps)
 <figs/cuarta.eps>
File: figs/quinto.eps Graphic file (type eps)
 <figs/quinto.eps> [106]
File: figs/sexto.eps Graphic file (type eps)
 <figs/sexto.eps>
Underfull \hbox (badness 10000) in paragraph at lines 82--83

 []


Underfull \hbox (badness 10000) in paragraph at lines 84--85

 []

[107]
Underfull \hbox (badness 10000) in paragraph at lines 86--87

 []

File: figs/interfaz.eps Graphic file (type eps)
<figs/interfaz.eps> [108] [109])
Package atveryend Info: Empty hook `BeforeClearDocument' on input line 87.
 [110]
Package atveryend Info: Empty hook `AfterLastShipout' on input line 87.
 (Plantilla_UIS.aux (Secs/P0.aux)
LaTeX Info: Redefining \. on input line 25.
LaTeX Info: Redefining \% on input line 25.

(Secs/dedicatoria.aux) (Secs/agradecimientos.aux) (Secs/glosario.aux)
(Secs/res.aux) (Secs/abs.aux) (Secs/T1.aux) (Secs/T2.aux))
Package atveryend Info: Empty hook `AtVeryEndDocument' on input line 87.
Package atveryend Info: Executing hook `AtEndAfterFileList' on input line 87.
Package rerunfilecheck Info: File `Plantilla_UIS.out' has not changed.
(rerunfilecheck)             Checksum: AF231E8C0A8201C0D21E918460A47AAC;3276.
Package atveryend Info: Empty hook `AtVeryVeryEnd' on input line 87.
 )
(\end occurred inside a group at level 1)

### semi simple group (level 1) entered at line 89 (\begingroup)
### bottom level 
Here is how much of TeX's memory you used:
 10569 strings out of 492973
 158574 string characters out of 3125760
 297627 words of memory out of 3000000
 14141 multiletter control sequences out of 15000+200000
 61510 words of font info for 99 fonts, out of 3000000 for 9000
 1143 hyphenation exceptions out of 8191
 43i,15n,50p,1535b,3218s stack positions out of 5000i,500n,10000p,200000b,50000s

Output written on Plantilla_UIS.dvi (110 pages, 390216 bytes).
